2019-05-05 13:59:05,721 INFO notifyConnectTimeout:200

2019-05-05 13:59:05,723 INFO notifySocketTimeout:8000

2019-05-05 13:59:05,723 INFO isHealthCheck:true

2019-05-05 13:59:05,723 INFO maxHealthCheckFailCount:12

2019-05-05 13:59:05,723 INFO maxContent:10485760

2019-05-05 13:59:05,724 INFO spring.datasource.platform:mysql

2019-05-05 13:59:05,915 INFO check master db.

2019-05-05 13:59:06,353 INFO check db health.

2019-05-05 13:59:06,477 WARN DumpService start

2019-05-05 13:59:06,480 INFO start clear all config-info.

2019-05-05 13:59:06,487 WARN clear all config-info failed.

2019-05-05 13:59:06,491 INFO clear all config-info-tenant success.

2019-05-05 13:59:06,688 INFO [all-dump] 3 / 3

2019-05-05 13:59:06,688 INFO start clear all config-info-beta.

2019-05-05 13:59:06,689 WARN clear all config-info-beta failed.

2019-05-05 13:59:06,689 WARN clear all config-info-beta-tenant failed.

2019-05-05 13:59:06,694 INFO start clear all config-info-tag.

2019-05-05 13:59:06,695 WARN clear all config-info-tag failed.

2019-05-05 13:59:06,695 WARN clear all config-info-tag-tenant failed.

2019-05-05 13:59:07,143 INFO ServerListService address-server port:8848

2019-05-05 13:59:07,143 INFO ADDRESS_SERVER_URL:http://jmenv.tbsite.net:8080/nacos/serverlist

2019-05-05 13:59:07,143 WARN [serverlist] updated to [172.17.118.113]

2019-05-05 13:59:16,357 INFO check master db.

2019-05-05 13:59:16,357 INFO check db health.

2019-05-05 13:59:26,381 INFO check master db.

2019-05-05 13:59:26,383 INFO check db health.

2019-05-05 13:59:36,386 INFO check master db.

2019-05-05 13:59:36,387 INFO check db health.

2019-05-05 13:59:46,388 INFO check master db.

2019-05-05 13:59:46,389 INFO check db health.

2019-05-05 13:59:56,390 INFO check master db.

2019-05-05 13:59:56,391 INFO check db health.

2019-05-05 14:00:06,391 INFO check master db.

2019-05-05 14:00:06,392 INFO check db health.

2019-05-05 14:00:16,394 INFO check master db.

2019-05-05 14:00:16,395 INFO check db health.

2019-05-05 14:00:26,395 INFO check master db.

2019-05-05 14:00:26,396 INFO check db health.

2019-05-05 14:00:36,397 INFO check master db.

2019-05-05 14:00:36,398 INFO check db health.

2019-05-05 14:00:46,399 INFO check master db.

2019-05-05 14:00:46,399 INFO check db health.

2019-05-05 14:00:56,402 INFO check master db.

2019-05-05 14:00:56,402 INFO check db health.

2019-05-05 14:01:06,403 INFO check db health.

2019-05-05 14:01:06,403 INFO check master db.

2019-05-05 14:01:16,408 INFO check db health.

2019-05-05 14:01:16,408 INFO check master db.

2019-05-05 14:01:26,417 INFO check db health.

2019-05-05 14:01:26,417 INFO check master db.

2019-05-05 14:01:36,421 INFO check master db.

2019-05-05 14:01:36,421 INFO check db health.

2019-05-05 14:01:46,424 INFO check master db.

2019-05-05 14:01:46,424 INFO check db health.

2019-05-05 14:01:56,426 INFO check db health.

2019-05-05 14:01:56,426 INFO check master db.

2019-05-05 14:02:06,432 INFO check db health.

2019-05-05 14:02:06,432 INFO check master db.

2019-05-05 14:02:16,435 INFO check db health.

2019-05-05 14:02:16,435 INFO check master db.

2019-05-05 14:02:26,438 INFO check db health.

2019-05-05 14:02:26,438 INFO check master db.

2019-05-05 14:02:36,440 INFO check db health.

2019-05-05 14:02:36,440 INFO check master db.

2019-05-05 14:02:46,443 INFO check db health.

2019-05-05 14:02:46,443 INFO check master db.

2019-05-05 14:02:56,445 INFO check master db.

2019-05-05 14:02:56,445 INFO check db health.

2019-05-05 14:03:06,448 INFO check db health.

2019-05-05 14:03:06,448 INFO check master db.

2019-05-05 14:03:16,451 INFO check master db.

2019-05-05 14:03:16,451 INFO check db health.

2019-05-05 14:03:26,458 INFO check db health.

2019-05-05 14:03:26,458 INFO check master db.

2019-05-05 14:03:36,460 INFO check db health.

2019-05-05 14:03:36,460 INFO check master db.

2019-05-05 14:03:46,463 INFO check master db.

2019-05-05 14:03:46,463 INFO check db health.

2019-05-05 14:03:56,465 INFO check master db.

2019-05-05 14:03:56,465 INFO check db health.

2019-05-05 14:04:06,468 INFO check master db.

2019-05-05 14:04:06,468 INFO check db health.

2019-05-05 14:04:16,470 INFO check master db.

2019-05-05 14:04:16,470 INFO check db health.

2019-05-05 14:04:26,472 INFO check master db.

2019-05-05 14:04:26,472 INFO check db health.

2019-05-05 14:04:36,474 INFO check master db.

2019-05-05 14:04:36,474 INFO check db health.

2019-05-05 14:04:46,477 INFO check master db.

2019-05-05 14:04:46,477 INFO check db health.

2019-05-05 14:04:56,480 INFO check db health.

2019-05-05 14:04:56,480 INFO check master db.

2019-05-05 14:05:06,482 INFO check db health.

2019-05-05 14:05:06,482 INFO check master db.

2019-05-05 14:05:16,485 INFO check db health.

2019-05-05 14:05:16,485 INFO check master db.

2019-05-05 14:05:26,488 INFO check db health.

2019-05-05 14:05:26,488 INFO check master db.

2019-05-05 14:05:36,490 INFO check db health.

2019-05-05 14:05:36,490 INFO check master db.

2019-05-05 14:05:46,493 INFO check master db.

2019-05-05 14:05:46,493 INFO check db health.

2019-05-05 14:05:56,494 INFO check db health.

2019-05-05 14:05:56,494 INFO check master db.

2019-05-05 14:06:06,496 INFO check db health.

2019-05-05 14:06:06,496 INFO check master db.

2019-05-05 14:06:16,498 INFO check db health.

2019-05-05 14:06:16,498 INFO check master db.

2019-05-05 14:06:26,500 INFO check db health.

2019-05-05 14:06:26,500 INFO check master db.

2019-05-05 14:06:36,503 INFO check master db.

2019-05-05 14:06:36,503 INFO check db health.

2019-05-05 14:06:46,506 INFO check db health.

2019-05-05 14:06:46,506 INFO check master db.

2019-05-05 14:06:56,511 INFO check db health.

2019-05-05 14:06:56,511 INFO check master db.

2019-05-05 14:07:06,512 INFO check db health.

2019-05-05 14:07:06,512 INFO check master db.

2019-05-05 14:07:16,517 INFO check db health.

2019-05-05 14:07:16,517 INFO check master db.

2019-05-05 14:07:26,519 INFO check master db.

2019-05-05 14:07:26,519 INFO check db health.

2019-05-05 14:07:36,523 INFO check db health.

2019-05-05 14:07:36,523 INFO check master db.

2019-05-05 14:07:46,525 INFO check master db.

2019-05-05 14:07:46,525 INFO check db health.

2019-05-05 14:07:56,527 INFO check master db.

2019-05-05 14:07:56,527 INFO check db health.

2019-05-05 14:08:06,529 INFO check master db.

2019-05-05 14:08:06,529 INFO check db health.

2019-05-05 14:08:16,532 INFO check master db.

2019-05-05 14:08:16,532 INFO check db health.

2019-05-05 14:08:26,533 INFO check db health.

2019-05-05 14:08:26,533 INFO check master db.

2019-05-05 14:08:36,536 INFO check master db.

2019-05-05 14:08:36,536 INFO check db health.

2019-05-05 14:08:46,538 INFO check db health.

2019-05-05 14:08:46,538 INFO check master db.

2019-05-05 14:08:56,539 INFO check db health.

2019-05-05 14:08:56,539 INFO check master db.

2019-05-05 14:09:06,542 INFO check db health.

2019-05-05 14:09:06,542 INFO check master db.

2019-05-05 14:09:16,545 INFO check db health.

2019-05-05 14:09:16,545 INFO check master db.

2019-05-05 14:09:26,547 INFO check master db.

2019-05-05 14:09:26,549 INFO check db health.

2019-05-05 14:09:36,549 INFO check master db.

2019-05-05 14:09:36,551 INFO check db health.

2019-05-05 14:09:46,551 INFO check master db.

2019-05-05 14:09:46,552 INFO check db health.

2019-05-05 14:09:56,553 INFO check master db.

2019-05-05 14:09:56,555 INFO check db health.

2019-05-05 14:10:06,558 INFO check master db.

2019-05-05 14:10:06,558 INFO check db health.

2019-05-05 14:10:16,563 INFO check db health.

2019-05-05 14:10:16,563 INFO check master db.

2019-05-05 14:10:26,565 INFO check master db.

2019-05-05 14:10:26,565 INFO check db health.

2019-05-05 14:10:36,567 INFO check master db.

2019-05-05 14:10:36,567 INFO check db health.

2019-05-05 14:10:46,568 INFO check db health.

2019-05-05 14:10:46,568 INFO check master db.

2019-05-05 14:10:56,571 INFO check master db.

2019-05-05 14:10:56,571 INFO check db health.

2019-05-05 14:11:06,572 INFO check master db.

2019-05-05 14:11:06,572 INFO check db health.

2019-05-05 14:11:16,574 INFO check db health.

2019-05-05 14:11:16,574 INFO check master db.

2019-05-05 14:11:26,579 INFO check db health.

2019-05-05 14:11:26,579 INFO check master db.

2019-05-05 14:11:36,582 INFO check master db.

2019-05-05 14:11:36,582 INFO check db health.

2019-05-05 14:11:46,583 INFO check master db.

2019-05-05 14:11:46,583 INFO check db health.

2019-05-05 14:11:56,585 INFO check master db.

2019-05-05 14:11:56,585 INFO check db health.

2019-05-05 14:12:06,586 INFO check master db.

2019-05-05 14:12:06,586 INFO check db health.

2019-05-05 14:12:16,587 INFO check master db.

2019-05-05 14:12:16,587 INFO check db health.

2019-05-05 14:12:26,590 INFO check db health.

2019-05-05 14:12:26,590 INFO check master db.

2019-05-05 14:12:36,592 INFO check db health.

2019-05-05 14:12:36,592 INFO check master db.

2019-05-05 14:12:46,594 INFO check master db.

2019-05-05 14:12:46,594 INFO check db health.

2019-05-05 14:12:56,599 INFO check master db.

2019-05-05 14:12:56,600 INFO check db health.

2019-05-05 14:13:06,601 INFO check db health.

2019-05-05 14:13:06,601 INFO check master db.

2019-05-05 14:13:16,604 INFO check master db.

2019-05-05 14:13:16,604 INFO check db health.

2019-05-05 14:13:26,607 INFO check master db.

2019-05-05 14:13:26,607 INFO check db health.

2019-05-05 14:13:36,609 INFO check db health.

2019-05-05 14:13:36,609 INFO check master db.

2019-05-05 14:13:46,611 INFO check master db.

2019-05-05 14:13:46,611 INFO check db health.

2019-05-05 14:13:56,613 INFO check master db.

2019-05-05 14:13:56,613 INFO check db health.

2019-05-05 14:14:06,614 INFO check master db.

2019-05-05 14:14:06,614 INFO check db health.

2019-05-05 14:14:16,616 INFO check db health.

2019-05-05 14:14:16,616 INFO check master db.

2019-05-05 14:14:26,617 INFO check master db.

2019-05-05 14:14:26,617 INFO check db health.

2019-05-05 14:14:36,619 INFO check db health.

2019-05-05 14:14:36,619 INFO check master db.

2019-05-05 14:14:46,621 INFO check master db.

2019-05-05 14:14:46,621 INFO check db health.

2019-05-05 14:14:56,624 INFO check master db.

2019-05-05 14:14:56,624 INFO check db health.

2019-05-05 14:15:06,627 INFO check master db.

2019-05-05 14:15:06,627 INFO check db health.

2019-05-05 14:15:16,629 INFO check db health.

2019-05-05 14:15:16,629 INFO check master db.

2019-05-05 14:15:26,630 INFO check db health.

2019-05-05 14:15:26,630 INFO check master db.

2019-05-05 14:15:36,632 INFO check db health.

2019-05-05 14:15:36,632 INFO check master db.

2019-05-05 14:15:46,635 INFO check master db.

2019-05-05 14:15:46,635 INFO check db health.

2019-05-05 14:15:56,637 INFO check db health.

2019-05-05 14:15:56,637 INFO check master db.

2019-05-05 14:16:06,639 INFO check db health.

2019-05-05 14:16:06,639 INFO check master db.

2019-05-05 14:16:16,641 INFO check master db.

2019-05-05 14:16:16,641 INFO check db health.

2019-05-05 14:16:26,642 INFO check db health.

2019-05-05 14:16:26,642 INFO check master db.

2019-05-05 14:16:36,644 INFO check master db.

2019-05-05 14:16:36,644 INFO check db health.

2019-05-05 14:16:46,645 INFO check db health.

2019-05-05 14:16:46,645 INFO check master db.

2019-05-05 14:16:56,650 INFO check master db.

2019-05-05 14:16:56,650 INFO check db health.

2019-05-05 14:17:06,652 INFO check db health.

2019-05-05 14:17:06,652 INFO check master db.

2019-05-05 14:17:16,654 INFO check db health.

2019-05-05 14:17:16,654 INFO check master db.

2019-05-05 14:17:26,656 INFO check db health.

2019-05-05 14:17:26,656 INFO check master db.

2019-05-05 14:17:36,663 INFO check db health.

2019-05-05 14:17:36,663 INFO check master db.

2019-05-05 14:17:46,666 INFO check db health.

2019-05-05 14:17:46,666 INFO check master db.

2019-05-05 14:17:56,669 INFO check master db.

2019-05-05 14:17:56,669 INFO check db health.

2019-05-05 14:18:06,671 INFO check master db.

2019-05-05 14:18:06,671 INFO check db health.

2019-05-05 14:18:16,674 INFO check db health.

2019-05-05 14:18:16,674 INFO check master db.

2019-05-05 14:18:26,678 INFO check master db.

2019-05-05 14:18:26,678 INFO check db health.

2019-05-05 14:18:36,682 INFO check master db.

2019-05-05 14:18:36,682 INFO check db health.

2019-05-05 14:18:46,684 INFO check master db.

2019-05-05 14:18:46,684 INFO check db health.

2019-05-05 14:18:56,690 INFO check db health.

2019-05-05 14:18:56,690 INFO check master db.

2019-05-05 14:19:06,692 INFO check master db.

2019-05-05 14:19:06,692 INFO check db health.

2019-05-05 14:19:16,694 INFO check db health.

2019-05-05 14:19:16,694 INFO check master db.

2019-05-05 14:19:26,699 INFO check master db.

2019-05-05 14:19:26,700 INFO check db health.

2019-05-05 14:19:36,701 INFO check master db.

2019-05-05 14:19:36,701 INFO check db health.

2019-05-05 14:19:46,703 INFO check db health.

2019-05-05 14:19:46,703 INFO check master db.

2019-05-05 14:19:56,705 INFO check master db.

2019-05-05 14:19:56,705 INFO check db health.

2019-05-05 14:20:06,707 INFO check db health.

2019-05-05 14:20:06,707 INFO check master db.

2019-05-05 14:20:16,708 INFO check db health.

2019-05-05 14:20:16,708 INFO check master db.

2019-05-05 14:20:26,713 INFO check master db.

2019-05-05 14:20:26,713 INFO check db health.

2019-05-05 14:20:36,716 INFO check db health.

2019-05-05 14:20:36,716 INFO check master db.

2019-05-05 14:20:46,722 INFO check master db.

2019-05-05 14:20:46,722 INFO check db health.

2019-05-05 14:20:56,723 INFO check db health.

2019-05-05 14:20:56,723 INFO check master db.

2019-05-05 14:21:06,724 INFO check master db.

2019-05-05 14:21:06,724 INFO check db health.

2019-05-05 14:21:16,728 INFO check master db.

2019-05-05 14:21:16,728 INFO check db health.

2019-05-05 14:21:26,730 INFO check db health.

2019-05-05 14:21:26,730 INFO check master db.

2019-05-05 14:21:36,733 INFO check master db.

2019-05-05 14:21:36,733 INFO check db health.

2019-05-05 14:21:46,735 INFO check master db.

2019-05-05 14:21:46,735 INFO check db health.

2019-05-05 14:21:56,738 INFO check master db.

2019-05-05 14:21:56,738 INFO check db health.

2019-05-05 14:22:06,739 INFO check master db.

2019-05-05 14:22:06,739 INFO check db health.

2019-05-05 14:22:16,741 INFO check master db.

2019-05-05 14:22:16,741 INFO check db health.

2019-05-05 14:22:26,744 INFO check master db.

2019-05-05 14:22:26,744 INFO check db health.

2019-05-05 14:22:36,745 INFO check master db.

2019-05-05 14:22:36,745 INFO check db health.

2019-05-05 14:22:46,747 INFO check db health.

2019-05-05 14:22:46,747 INFO check master db.

2019-05-05 14:22:56,750 INFO check db health.

2019-05-05 14:22:56,750 INFO check master db.

2019-05-05 14:23:06,755 INFO check master db.

2019-05-05 14:23:06,755 INFO check db health.

2019-05-05 14:23:16,757 INFO check db health.

2019-05-05 14:23:16,757 INFO check master db.

2019-05-05 14:23:26,762 INFO check db health.

2019-05-05 14:23:26,762 INFO check master db.

2019-05-05 14:23:36,763 INFO check db health.

2019-05-05 14:23:36,763 INFO check master db.

2019-05-05 14:23:46,765 INFO check db health.

2019-05-05 14:23:46,765 INFO check master db.

2019-05-05 14:23:56,766 INFO check master db.

2019-05-05 14:23:56,766 INFO check db health.

2019-05-05 14:24:06,769 INFO check master db.

2019-05-05 14:24:06,769 INFO check db health.

2019-05-05 14:24:16,771 INFO check master db.

2019-05-05 14:24:16,771 INFO check db health.

2019-05-05 14:24:26,774 INFO check db health.

2019-05-05 14:24:26,774 INFO check master db.

2019-05-05 14:24:36,775 INFO check master db.

2019-05-05 14:24:36,775 INFO check db health.

2019-05-05 14:24:46,777 INFO check master db.

2019-05-05 14:24:46,777 INFO check db health.

2019-05-05 14:24:56,779 INFO check master db.

2019-05-05 14:24:56,779 INFO check db health.

2019-05-05 14:25:06,780 INFO check db health.

2019-05-05 14:25:06,780 INFO check master db.

2019-05-05 14:25:16,782 INFO check master db.

2019-05-05 14:25:16,782 INFO check db health.

2019-05-05 14:25:26,790 INFO check db health.

2019-05-05 14:25:26,790 INFO check master db.

2019-05-05 14:25:36,791 INFO check master db.

2019-05-05 14:25:36,791 INFO check db health.

2019-05-05 14:25:46,793 INFO check db health.

2019-05-05 14:25:46,793 INFO check master db.

2019-05-05 14:25:56,797 INFO check db health.

2019-05-05 14:25:56,797 INFO check master db.

2019-05-05 14:26:06,800 INFO check db health.

2019-05-05 14:26:06,800 INFO check master db.

2019-05-05 14:26:16,801 INFO check db health.

2019-05-05 14:26:16,801 INFO check master db.

2019-05-05 14:26:26,803 INFO check db health.

2019-05-05 14:26:26,803 INFO check master db.

2019-05-05 14:26:36,806 INFO check master db.

2019-05-05 14:26:36,806 INFO check db health.

2019-05-05 14:26:46,807 INFO check master db.

2019-05-05 14:26:46,807 INFO check db health.

2019-05-05 14:26:56,809 INFO check db health.

2019-05-05 14:26:56,809 INFO check master db.

2019-05-05 14:27:06,811 INFO check db health.

2019-05-05 14:27:06,811 INFO check master db.

2019-05-05 14:27:16,812 INFO check db health.

2019-05-05 14:27:16,812 INFO check master db.

2019-05-05 14:27:26,816 INFO check db health.

2019-05-05 14:27:26,816 INFO check master db.

2019-05-05 14:27:36,819 INFO check db health.

2019-05-05 14:27:36,819 INFO check master db.

2019-05-05 14:27:46,821 INFO check master db.

2019-05-05 14:27:46,821 INFO check db health.

2019-05-05 14:27:56,823 INFO check db health.

2019-05-05 14:27:56,823 INFO check master db.

2019-05-05 14:28:06,825 INFO check db health.

2019-05-05 14:28:06,825 INFO check master db.

2019-05-05 14:28:16,828 INFO check master db.

2019-05-05 14:28:16,828 INFO check db health.

2019-05-05 14:28:26,830 INFO check master db.

2019-05-05 14:28:26,830 INFO check db health.

2019-05-05 14:28:36,832 INFO check master db.

2019-05-05 14:28:36,832 INFO check db health.

2019-05-05 14:28:46,834 INFO check db health.

2019-05-05 14:28:46,834 INFO check master db.

2019-05-05 14:28:56,836 INFO check db health.

2019-05-05 14:28:56,836 INFO check master db.

2019-05-05 14:29:06,838 INFO check db health.

2019-05-05 14:29:06,838 INFO check master db.

2019-05-05 14:29:16,841 INFO check master db.

2019-05-05 14:29:16,841 INFO check db health.

2019-05-05 14:29:26,844 INFO check master db.

2019-05-05 14:29:26,844 INFO check db health.

2019-05-05 14:29:36,845 INFO check db health.

2019-05-05 14:29:36,845 INFO check master db.

2019-05-05 14:29:46,847 INFO check db health.

2019-05-05 14:29:46,847 INFO check master db.

2019-05-05 14:29:56,848 INFO check db health.

2019-05-05 14:29:56,848 INFO check master db.

2019-05-05 14:30:06,851 INFO check master db.

2019-05-05 14:30:06,851 INFO check db health.

2019-05-05 14:30:16,854 INFO check db health.

2019-05-05 14:30:16,854 INFO check master db.

2019-05-05 14:30:26,856 INFO check db health.

2019-05-05 14:30:26,856 INFO check master db.

2019-05-05 14:30:36,857 INFO check master db.

2019-05-05 14:30:36,857 INFO check db health.

2019-05-05 14:30:46,861 INFO check master db.

2019-05-05 14:30:46,861 INFO check db health.

2019-05-05 14:30:56,862 INFO check db health.

2019-05-05 14:30:56,862 INFO check master db.

2019-05-05 14:31:06,867 INFO check master db.

2019-05-05 14:31:06,867 INFO check db health.

2019-05-05 14:31:16,869 INFO check master db.

2019-05-05 14:31:16,869 INFO check db health.

2019-05-05 14:31:26,872 INFO check master db.

2019-05-05 14:31:26,872 INFO check db health.

2019-05-05 14:31:36,873 INFO check master db.

2019-05-05 14:31:36,873 INFO check db health.

2019-05-05 14:31:46,874 INFO check master db.

2019-05-05 14:31:46,874 INFO check db health.

2019-05-05 14:31:56,876 INFO check master db.

2019-05-05 14:31:56,876 INFO check db health.

2019-05-05 14:32:06,878 INFO check master db.

2019-05-05 14:32:06,878 INFO check db health.

2019-05-05 14:32:16,880 INFO check master db.

2019-05-05 14:32:16,880 INFO check db health.

2019-05-05 14:32:26,881 INFO check db health.

2019-05-05 14:32:26,881 INFO check master db.

2019-05-05 14:32:36,883 INFO check db health.

2019-05-05 14:32:36,883 INFO check master db.

2019-05-05 14:32:46,884 INFO check db health.

2019-05-05 14:32:46,884 INFO check master db.

2019-05-05 14:32:56,886 INFO check master db.

2019-05-05 14:32:56,886 INFO check db health.

2019-05-05 14:33:06,899 INFO check db health.

2019-05-05 14:33:06,899 INFO check master db.

2019-05-05 14:33:16,991 INFO check db health.

2019-05-05 14:33:17,009 INFO check master db.

2019-05-05 14:33:26,993 INFO check db health.

2019-05-05 14:33:27,010 INFO check master db.

2019-05-05 14:33:36,994 INFO check db health.

2019-05-05 14:33:37,012 INFO check master db.

2019-05-05 14:33:46,996 INFO check db health.

2019-05-05 14:33:47,013 INFO check master db.

2019-05-05 14:33:56,999 INFO check db health.

2019-05-05 14:33:57,014 INFO check master db.

2019-05-05 14:34:07,001 INFO check db health.

2019-05-05 14:34:07,016 INFO check master db.

2019-05-05 14:34:17,002 INFO check db health.

2019-05-05 14:34:17,018 INFO check master db.

2019-05-05 14:34:27,006 INFO check db health.

2019-05-05 14:34:27,021 INFO check master db.

2019-05-05 14:34:37,007 INFO check db health.

2019-05-05 14:34:37,023 INFO check master db.

2019-05-05 14:34:47,010 INFO check db health.

2019-05-05 14:34:47,025 INFO check master db.

2019-05-05 14:34:57,013 INFO check db health.

2019-05-05 14:34:57,027 INFO check master db.

2019-05-05 14:35:07,015 INFO check db health.

2019-05-05 14:35:07,028 INFO check master db.

2019-05-05 14:35:17,016 INFO check db health.

2019-05-05 14:35:17,031 INFO check master db.

2019-05-05 14:35:27,018 INFO check db health.

2019-05-05 14:35:27,033 INFO check master db.

2019-05-05 14:35:37,020 INFO check db health.

2019-05-05 14:35:37,034 INFO check master db.

2019-05-05 14:35:47,022 INFO check db health.

2019-05-05 14:35:47,039 INFO check master db.

2019-05-05 14:35:57,023 INFO check db health.

2019-05-05 14:35:57,041 INFO check master db.

2019-05-05 14:36:07,025 INFO check db health.

2019-05-05 14:36:07,043 INFO check master db.

2019-05-05 14:36:17,027 INFO check db health.

2019-05-05 14:36:17,046 INFO check master db.

2019-05-05 14:36:27,030 INFO check db health.

2019-05-05 14:36:27,047 INFO check master db.

2019-05-05 14:36:37,033 INFO check db health.

2019-05-05 14:36:37,049 INFO check master db.

2019-05-05 14:36:47,036 INFO check db health.

2019-05-05 14:36:47,051 INFO check master db.

2019-05-05 14:36:57,037 INFO check db health.

2019-05-05 14:36:57,052 INFO check master db.

2019-05-05 14:37:07,041 INFO check db health.

2019-05-05 14:37:07,054 INFO check master db.

2019-05-05 14:37:17,044 INFO check db health.

2019-05-05 14:37:17,058 INFO check master db.

2019-05-05 14:37:27,046 INFO check db health.

2019-05-05 14:37:27,060 INFO check master db.

2019-05-05 14:37:37,077 INFO check db health.

2019-05-05 14:37:37,078 INFO check master db.

2019-05-05 14:37:47,080 INFO check master db.

2019-05-05 14:37:47,115 INFO check db health.

2019-05-05 14:37:57,082 INFO check master db.

2019-05-05 14:37:57,117 INFO check db health.

2019-05-05 14:38:07,084 INFO check master db.

2019-05-05 14:38:07,122 INFO check db health.

2019-05-05 14:38:17,086 INFO check master db.

2019-05-05 14:38:17,125 INFO check db health.

2019-05-05 14:38:27,089 INFO check master db.

2019-05-05 14:38:27,127 INFO check db health.

2019-05-05 14:38:37,091 INFO check master db.

2019-05-05 14:38:37,129 INFO check db health.

2019-05-05 14:38:47,095 INFO check master db.

2019-05-05 14:38:47,134 INFO check db health.

2019-05-05 14:38:57,098 INFO check master db.

2019-05-05 14:38:57,140 INFO check db health.

2019-05-05 14:39:07,103 INFO check master db.

2019-05-05 14:39:07,141 INFO check db health.

2019-05-05 14:39:17,104 INFO check master db.

2019-05-05 14:39:17,143 INFO check db health.

2019-05-05 14:39:27,106 INFO check master db.

2019-05-05 14:39:27,144 INFO check db health.

2019-05-05 14:39:37,108 INFO check master db.

2019-05-05 14:39:37,145 INFO check db health.

2019-05-05 14:39:47,110 INFO check master db.

2019-05-05 14:39:47,146 INFO check db health.

2019-05-05 14:39:57,111 INFO check master db.

2019-05-05 14:39:57,148 INFO check db health.

2019-05-05 14:40:07,113 INFO check master db.

2019-05-05 14:40:07,150 INFO check db health.

2019-05-05 14:40:17,116 INFO check master db.

2019-05-05 14:40:17,151 INFO check db health.

2019-05-05 14:40:27,118 INFO check master db.

2019-05-05 14:40:27,153 INFO check db health.

2019-05-05 14:40:37,119 INFO check master db.

2019-05-05 14:40:37,155 INFO check db health.

2019-05-05 14:40:47,121 INFO check master db.

2019-05-05 14:40:47,157 INFO check db health.

2019-05-05 14:40:57,122 INFO check master db.

2019-05-05 14:40:57,158 INFO check db health.

2019-05-05 14:41:07,126 INFO check master db.

2019-05-05 14:41:07,163 INFO check db health.

2019-05-05 14:41:17,128 INFO check master db.

2019-05-05 14:41:17,169 INFO check db health.

2019-05-05 14:41:27,132 INFO check master db.

2019-05-05 14:41:27,171 INFO check db health.

2019-05-05 14:41:37,134 INFO check master db.

2019-05-05 14:41:37,175 INFO check db health.

2019-05-05 14:41:47,137 INFO check master db.

2019-05-05 14:41:47,177 INFO check db health.

2019-05-05 14:41:57,140 INFO check master db.

2019-05-05 14:41:57,179 INFO check db health.

2019-05-05 14:42:07,141 INFO check master db.

2019-05-05 14:42:07,182 INFO check db health.

2019-05-05 14:42:17,143 INFO check master db.

2019-05-05 14:42:17,184 INFO check db health.

2019-05-05 14:42:27,145 INFO check master db.

2019-05-05 14:42:27,186 INFO check db health.

2019-05-05 14:42:37,150 INFO check master db.

2019-05-05 14:42:37,190 INFO check db health.

2019-05-05 14:42:47,155 INFO check master db.

2019-05-05 14:42:47,191 INFO check db health.

2019-05-05 14:42:57,157 INFO check master db.

2019-05-05 14:42:57,193 INFO check db health.

2019-05-05 14:43:07,158 INFO check master db.

2019-05-05 14:43:07,195 INFO check db health.

2019-05-05 14:43:17,159 INFO check master db.

2019-05-05 14:43:17,201 INFO check db health.

2019-05-05 14:43:27,162 INFO check master db.

2019-05-05 14:43:27,203 INFO check db health.

2019-05-05 14:43:37,164 INFO check master db.

2019-05-05 14:43:37,206 INFO check db health.

2019-05-05 14:43:47,166 INFO check master db.

2019-05-05 14:43:47,208 INFO check db health.

2019-05-05 14:43:57,168 INFO check master db.

2019-05-05 14:43:57,211 INFO check db health.

2019-05-05 14:44:07,170 INFO check master db.

2019-05-05 14:44:07,212 INFO check db health.

2019-05-05 14:44:17,174 INFO check master db.

2019-05-05 14:44:17,215 INFO check db health.

2019-05-05 14:44:27,177 INFO check master db.

2019-05-05 14:44:27,217 INFO check db health.

2019-05-05 14:44:37,182 INFO check master db.

2019-05-05 14:44:37,220 INFO check db health.

2019-05-05 14:44:47,183 INFO check master db.

2019-05-05 14:44:47,221 INFO check db health.

2019-05-05 14:44:57,186 INFO check master db.

2019-05-05 14:44:57,225 INFO check db health.

2019-05-05 14:45:07,188 INFO check master db.

2019-05-05 14:45:07,228 INFO check db health.

2019-05-05 14:45:17,189 INFO check master db.

2019-05-05 14:45:17,235 INFO check db health.

2019-05-05 14:45:27,192 INFO check master db.

2019-05-05 14:45:27,240 INFO check db health.

2019-05-05 14:45:37,194 INFO check master db.

2019-05-05 14:45:37,245 INFO check db health.

2019-05-05 14:45:47,195 INFO check master db.

2019-05-05 14:45:47,247 INFO check db health.

2019-05-05 14:45:57,197 INFO check master db.

2019-05-05 14:45:57,250 INFO check db health.

2019-05-05 14:46:07,199 INFO check master db.

2019-05-05 14:46:07,252 INFO check db health.

2019-05-05 14:46:17,200 INFO check master db.

2019-05-05 14:46:17,253 INFO check db health.

2019-05-05 14:46:27,203 INFO check master db.

2019-05-05 14:46:27,255 INFO check db health.

2019-05-05 14:46:37,206 INFO check master db.

2019-05-05 14:46:37,256 INFO check db health.

2019-05-05 14:46:47,210 INFO check master db.

2019-05-05 14:46:47,259 INFO check db health.

2019-05-05 14:46:57,211 INFO check master db.

2019-05-05 14:46:57,261 INFO check db health.

2019-05-05 14:47:07,215 INFO check master db.

2019-05-05 14:47:07,264 INFO check db health.

2019-05-05 14:47:17,217 INFO check master db.

2019-05-05 14:47:17,265 INFO check db health.

2019-05-05 14:47:27,219 INFO check master db.

2019-05-05 14:47:27,267 INFO check db health.

2019-05-05 14:47:37,222 INFO check master db.

2019-05-05 14:47:37,269 INFO check db health.

2019-05-05 14:47:47,224 INFO check master db.

2019-05-05 14:47:47,271 INFO check db health.

2019-05-05 14:47:57,232 INFO check master db.

2019-05-05 14:47:57,273 INFO check db health.

2019-05-05 14:48:07,234 INFO check master db.

2019-05-05 14:48:07,275 INFO check db health.

2019-05-05 14:48:17,235 INFO check master db.

2019-05-05 14:48:17,279 INFO check db health.

2019-05-05 14:48:27,238 INFO check master db.

2019-05-05 14:48:27,287 INFO check db health.

2019-05-05 14:48:37,240 INFO check master db.

2019-05-05 14:48:37,293 INFO check db health.

2019-05-05 14:48:47,243 INFO check master db.

2019-05-05 14:48:47,296 INFO check db health.

2019-05-05 14:48:57,247 INFO check master db.

2019-05-05 14:48:57,297 INFO check db health.

2019-05-05 14:49:07,249 INFO check master db.

2019-05-05 14:49:07,299 INFO check db health.

2019-05-05 14:49:17,250 INFO check master db.

2019-05-05 14:49:17,300 INFO check db health.

2019-05-05 14:49:27,252 INFO check master db.

2019-05-05 14:49:27,301 INFO check db health.

2019-05-05 14:49:37,253 INFO check master db.

2019-05-05 14:49:37,303 INFO check db health.

2019-05-05 14:49:47,255 INFO check master db.

2019-05-05 14:49:47,305 INFO check db health.

2019-05-05 14:49:57,256 INFO check master db.

2019-05-05 14:49:57,309 INFO check db health.

2019-05-05 14:50:07,258 INFO check master db.

2019-05-05 14:50:07,310 INFO check db health.

2019-05-05 14:50:17,259 INFO check master db.

2019-05-05 14:50:17,312 INFO check db health.

2019-05-05 14:50:27,261 INFO check master db.

2019-05-05 14:50:27,313 INFO check db health.

2019-05-05 14:50:37,263 INFO check master db.

2019-05-05 14:50:37,315 INFO check db health.

2019-05-05 14:50:47,267 INFO check master db.

2019-05-05 14:50:47,317 INFO check db health.

2019-05-05 14:50:57,268 INFO check master db.

2019-05-05 14:50:57,318 INFO check db health.

2019-05-05 14:51:07,271 INFO check master db.

2019-05-05 14:51:07,320 INFO check db health.

2019-05-05 14:51:17,274 INFO check master db.

2019-05-05 14:51:17,324 INFO check db health.

2019-05-05 14:51:27,276 INFO check master db.

2019-05-05 14:51:27,325 INFO check db health.

2019-05-05 14:51:37,278 INFO check master db.

2019-05-05 14:51:37,330 INFO check db health.

2019-05-05 14:51:47,279 INFO check master db.

2019-05-05 14:51:47,332 INFO check db health.

2019-05-05 14:51:57,281 INFO check master db.

2019-05-05 14:51:57,334 INFO check db health.

2019-05-05 14:52:07,282 INFO check master db.

2019-05-05 14:52:07,336 INFO check db health.

2019-05-05 14:52:17,283 INFO check master db.

2019-05-05 14:52:17,339 INFO check db health.

2019-05-05 14:52:27,285 INFO check master db.

2019-05-05 14:52:27,341 INFO check db health.

2019-05-05 14:52:37,286 INFO check master db.

2019-05-05 14:52:37,343 INFO check db health.

2019-05-05 14:52:47,288 INFO check master db.

2019-05-05 14:52:47,344 INFO check db health.

2019-05-05 14:52:57,290 INFO check master db.

2019-05-05 14:52:57,345 INFO check db health.

2019-05-05 14:53:07,292 INFO check master db.

2019-05-05 14:53:07,348 INFO check db health.

2019-05-05 14:53:17,295 INFO check master db.

2019-05-05 14:53:17,349 INFO check db health.

2019-05-05 14:53:27,297 INFO check master db.

2019-05-05 14:53:27,352 INFO check db health.

2019-05-05 14:53:37,298 INFO check master db.

2019-05-05 14:53:37,353 INFO check db health.

2019-05-05 14:53:47,300 INFO check master db.

2019-05-05 14:53:47,358 INFO check db health.

2019-05-05 14:53:57,303 INFO check master db.

2019-05-05 14:53:57,359 INFO check db health.

2019-05-05 14:54:07,305 INFO check master db.

2019-05-05 14:54:07,362 INFO check db health.

2019-05-05 14:54:17,309 INFO check master db.

2019-05-05 14:54:17,363 INFO check db health.

2019-05-05 14:54:27,311 INFO check master db.

2019-05-05 14:54:27,364 INFO check db health.

2019-05-05 14:54:37,313 INFO check master db.

2019-05-05 14:54:37,366 INFO check db health.

2019-05-05 14:54:47,315 INFO check master db.

2019-05-05 14:54:47,369 INFO check db health.

2019-05-05 14:54:57,317 INFO check master db.

2019-05-05 14:54:57,371 INFO check db health.

2019-05-05 14:55:07,320 INFO check master db.

2019-05-05 14:55:07,374 INFO check db health.

2019-05-05 14:55:17,323 INFO check master db.

2019-05-05 14:55:17,378 INFO check db health.

2019-05-05 14:55:27,326 INFO check master db.

2019-05-05 14:55:27,380 INFO check db health.

2019-05-05 14:55:37,329 INFO check master db.

2019-05-05 14:55:37,383 INFO check db health.

2019-05-05 14:55:47,331 INFO check master db.

2019-05-05 14:55:47,386 INFO check db health.

2019-05-05 14:55:57,332 INFO check master db.

2019-05-05 14:55:57,389 INFO check db health.

2019-05-05 14:56:07,333 INFO check master db.

2019-05-05 14:56:07,392 INFO check db health.

2019-05-05 14:56:17,335 INFO check master db.

2019-05-05 14:56:17,394 INFO check db health.

2019-05-05 14:56:27,341 INFO check master db.

2019-05-05 14:56:27,398 INFO check db health.

2019-05-05 14:56:37,344 INFO check master db.

2019-05-05 14:56:37,399 INFO check db health.

2019-05-05 14:56:47,346 INFO check master db.

2019-05-05 14:56:47,400 INFO check db health.

2019-05-05 14:56:57,349 INFO check master db.

2019-05-05 14:56:57,404 INFO check db health.

2019-05-05 14:57:07,350 INFO check master db.

2019-05-05 14:57:07,406 INFO check db health.

2019-05-05 14:57:17,354 INFO check master db.

2019-05-05 14:57:17,409 INFO check db health.

2019-05-05 14:57:27,356 INFO check master db.

2019-05-05 14:57:27,412 INFO check db health.

2019-05-05 14:57:37,358 INFO check master db.

2019-05-05 14:57:37,413 INFO check db health.

2019-05-05 14:57:47,361 INFO check master db.

2019-05-05 14:57:47,417 INFO check db health.

2019-05-05 14:57:57,365 INFO check master db.

2019-05-05 14:57:57,419 INFO check db health.

2019-05-05 14:58:07,367 INFO check master db.

2019-05-05 14:58:07,422 INFO check db health.

2019-05-05 14:58:17,370 INFO check master db.

2019-05-05 14:58:17,425 INFO check db health.

2019-05-05 14:58:27,372 INFO check master db.

2019-05-05 14:58:27,427 INFO check db health.

2019-05-05 14:58:37,374 INFO check master db.

2019-05-05 14:58:37,431 INFO check db health.

2019-05-05 14:58:47,378 INFO check master db.

2019-05-05 14:58:47,432 INFO check db health.

2019-05-05 14:58:57,380 INFO check master db.

2019-05-05 14:58:57,434 INFO check db health.

2019-05-05 14:59:07,383 INFO check master db.

2019-05-05 14:59:07,436 INFO check db health.

2019-05-05 14:59:17,386 INFO check master db.

2019-05-05 14:59:17,438 INFO check db health.

2019-05-05 14:59:27,388 INFO check master db.

2019-05-05 14:59:27,442 INFO check db health.

2019-05-05 14:59:37,390 INFO check master db.

2019-05-05 14:59:37,444 INFO check db health.

2019-05-05 14:59:47,393 INFO check master db.

2019-05-05 14:59:47,445 INFO check db health.

2019-05-05 14:59:57,394 INFO check master db.

2019-05-05 14:59:57,446 INFO check db health.

2019-05-05 15:00:07,397 INFO check master db.

2019-05-05 15:00:07,448 INFO check db health.

2019-05-05 15:00:17,398 INFO check master db.

2019-05-05 15:00:17,449 INFO check db health.

2019-05-05 15:00:27,402 INFO check master db.

2019-05-05 15:00:27,451 INFO check db health.

2019-05-05 15:00:37,404 INFO check master db.

2019-05-05 15:00:37,454 INFO check db health.

2019-05-05 15:00:47,406 INFO check master db.

2019-05-05 15:00:47,457 INFO check db health.

2019-05-05 15:00:57,412 INFO check master db.

2019-05-05 15:00:57,468 INFO check db health.

2019-05-05 15:01:07,415 INFO check master db.

2019-05-05 15:01:07,470 INFO check db health.

2019-05-05 15:01:17,416 INFO check master db.

2019-05-05 15:01:17,471 INFO check db health.

2019-05-05 15:01:27,418 INFO check master db.

2019-05-05 15:01:27,472 INFO check db health.

2019-05-05 15:01:37,419 INFO check master db.

2019-05-05 15:01:37,474 INFO check db health.

2019-05-05 15:01:47,421 INFO check master db.

2019-05-05 15:01:47,475 INFO check db health.

2019-05-05 15:01:57,422 INFO check master db.

2019-05-05 15:01:57,477 INFO check db health.

2019-05-05 15:02:07,424 INFO check master db.

2019-05-05 15:02:07,478 INFO check db health.

2019-05-05 15:02:17,427 INFO check master db.

2019-05-05 15:02:17,481 INFO check db health.

2019-05-05 15:02:27,429 INFO check master db.

2019-05-05 15:02:27,483 INFO check db health.

2019-05-05 15:02:37,432 INFO check master db.

2019-05-05 15:02:37,485 INFO check db health.

2019-05-05 15:02:47,433 INFO check master db.

2019-05-05 15:02:47,486 INFO check db health.

2019-05-05 15:02:57,436 INFO check master db.

2019-05-05 15:02:57,488 INFO check db health.

2019-05-05 15:03:07,437 INFO check master db.

2019-05-05 15:03:07,489 INFO check db health.

2019-05-05 15:03:17,439 INFO check master db.

2019-05-05 15:03:17,490 INFO check db health.

2019-05-05 15:03:27,442 INFO check master db.

2019-05-05 15:03:27,491 INFO check db health.

2019-05-05 15:03:37,444 INFO check master db.

2019-05-05 15:03:37,494 INFO check db health.

2019-05-05 15:03:47,445 INFO check master db.

2019-05-05 15:03:47,495 INFO check db health.

2019-05-05 15:03:57,446 INFO check master db.

2019-05-05 15:03:57,496 INFO check db health.

2019-05-05 15:04:07,447 INFO check master db.

2019-05-05 15:04:07,497 INFO check db health.

2019-05-05 15:04:17,449 INFO check master db.

2019-05-05 15:04:17,499 INFO check db health.

2019-05-05 15:04:27,451 INFO check master db.

2019-05-05 15:04:27,501 INFO check db health.

2019-05-05 15:04:37,452 INFO check master db.

2019-05-05 15:04:37,502 INFO check db health.

2019-05-05 15:04:47,454 INFO check master db.

2019-05-05 15:04:47,505 INFO check db health.

2019-05-05 15:04:57,457 INFO check master db.

2019-05-05 15:04:57,508 INFO check db health.

2019-05-05 15:05:07,459 INFO check master db.

2019-05-05 15:05:07,510 INFO check db health.

2019-05-05 15:05:17,461 INFO check master db.

2019-05-05 15:05:17,512 INFO check db health.

2019-05-05 15:05:27,464 INFO check master db.

2019-05-05 15:05:27,514 INFO check db health.

2019-05-05 15:05:37,467 INFO check master db.

2019-05-05 15:05:37,515 INFO check db health.

2019-05-05 15:05:47,469 INFO check master db.

2019-05-05 15:05:47,518 INFO check db health.

2019-05-05 15:05:57,473 INFO check master db.

2019-05-05 15:05:57,522 INFO check db health.

2019-05-05 15:06:07,475 INFO check master db.

2019-05-05 15:06:07,524 INFO check db health.

2019-05-05 15:06:17,476 INFO check master db.

2019-05-05 15:06:17,525 INFO check db health.

2019-05-05 15:06:27,477 INFO check master db.

2019-05-05 15:06:27,527 INFO check db health.

2019-05-05 15:06:37,480 INFO check master db.

2019-05-05 15:06:37,529 INFO check db health.

2019-05-05 15:06:47,483 INFO check master db.

2019-05-05 15:06:47,531 INFO check db health.

2019-05-05 15:06:57,487 INFO check master db.

2019-05-05 15:06:57,533 INFO check db health.

2019-05-05 15:07:07,489 INFO check master db.

2019-05-05 15:07:07,535 INFO check db health.

2019-05-05 15:07:17,491 INFO check master db.

2019-05-05 15:07:17,538 INFO check db health.

2019-05-05 15:07:27,493 INFO check master db.

2019-05-05 15:07:27,540 INFO check db health.

2019-05-05 15:07:37,495 INFO check master db.

2019-05-05 15:07:37,542 INFO check db health.

2019-05-05 15:07:47,499 INFO check master db.

2019-05-05 15:07:47,547 INFO check db health.

2019-05-05 15:07:57,500 INFO check master db.

2019-05-05 15:07:57,548 INFO check db health.

2019-05-05 15:08:07,504 INFO check master db.

2019-05-05 15:08:07,551 INFO check db health.

2019-05-05 15:08:17,506 INFO check master db.

2019-05-05 15:08:17,554 INFO check db health.

2019-05-05 15:08:27,507 INFO check master db.

2019-05-05 15:08:27,557 INFO check db health.

2019-05-05 15:08:37,509 INFO check master db.

2019-05-05 15:08:37,560 INFO check db health.

2019-05-05 15:08:47,511 INFO check master db.

2019-05-05 15:08:47,562 INFO check db health.

2019-05-05 15:08:57,513 INFO check master db.

2019-05-05 15:08:57,564 INFO check db health.

2019-05-05 15:09:07,514 INFO check master db.

2019-05-05 15:09:07,569 INFO check db health.

2019-05-05 15:09:17,517 INFO check master db.

2019-05-05 15:09:17,572 INFO check db health.

2019-05-05 15:09:27,519 INFO check master db.

2019-05-05 15:09:27,574 INFO check db health.

2019-05-05 15:09:37,521 INFO check master db.

2019-05-05 15:09:37,576 INFO check db health.

2019-05-05 15:09:47,524 INFO check master db.

2019-05-05 15:09:47,580 INFO check db health.

2019-05-05 15:09:57,525 INFO check master db.

2019-05-05 15:09:57,583 INFO check db health.

2019-05-05 15:10:07,527 INFO check master db.

2019-05-05 15:10:07,585 INFO check db health.

2019-05-05 15:10:17,532 INFO check master db.

2019-05-05 15:10:17,587 INFO check db health.

2019-05-05 15:10:27,534 INFO check master db.

2019-05-05 15:10:27,590 INFO check db health.

2019-05-05 15:10:37,536 INFO check master db.

2019-05-05 15:10:37,594 INFO check db health.

2019-05-05 15:10:47,537 INFO check master db.

2019-05-05 15:10:47,595 INFO check db health.

2019-05-05 15:10:57,539 INFO check master db.

2019-05-05 15:10:57,598 INFO check db health.

2019-05-05 15:11:07,541 INFO check master db.

2019-05-05 15:11:07,600 INFO check db health.

2019-05-05 15:11:17,544 INFO check master db.

2019-05-05 15:11:17,601 INFO check db health.

2019-05-05 15:11:27,546 INFO check master db.

2019-05-05 15:11:27,603 INFO check db health.

2019-05-05 15:11:37,549 INFO check master db.

2019-05-05 15:11:37,605 INFO check db health.

2019-05-05 15:11:47,550 INFO check master db.

2019-05-05 15:11:47,607 INFO check db health.

2019-05-05 15:11:57,553 INFO check master db.

2019-05-05 15:11:57,610 INFO check db health.

2019-05-05 15:12:07,554 INFO check master db.

2019-05-05 15:12:07,611 INFO check db health.

2019-05-05 15:12:17,555 INFO check master db.

2019-05-05 15:12:17,613 INFO check db health.

2019-05-05 15:12:27,556 INFO check master db.

2019-05-05 15:12:27,614 INFO check db health.

2019-05-05 15:12:37,558 INFO check master db.

2019-05-05 15:12:37,616 INFO check db health.

2019-05-05 15:12:47,560 INFO check master db.

2019-05-05 15:12:47,618 INFO check db health.

2019-05-05 15:12:57,561 INFO check master db.

2019-05-05 15:12:57,623 INFO check db health.

2019-05-05 15:13:07,563 INFO check master db.

2019-05-05 15:13:07,630 INFO check db health.

2019-05-05 15:13:17,583 INFO check master db.

2019-05-05 15:13:17,632 INFO check db health.

2019-05-05 15:13:27,585 INFO check master db.

2019-05-05 15:13:27,644 INFO check db health.

2019-05-05 15:13:37,587 INFO check master db.

2019-05-05 15:13:37,645 INFO check db health.

2019-05-05 15:13:47,588 INFO check master db.

2019-05-05 15:13:47,646 INFO check db health.

2019-05-05 15:13:57,591 INFO check master db.

2019-05-05 15:13:57,647 INFO check db health.

2019-05-05 15:14:07,592 INFO check master db.

2019-05-05 15:14:07,650 INFO check db health.

2019-05-05 15:14:17,594 INFO check master db.

2019-05-05 15:14:17,653 INFO check db health.

2019-05-05 15:14:27,596 INFO check master db.

2019-05-05 15:14:27,655 INFO check db health.

2019-05-05 15:14:37,598 INFO check master db.

2019-05-05 15:14:37,656 INFO check db health.

2019-05-05 15:14:47,600 INFO check master db.

2019-05-05 15:14:47,658 INFO check db health.

2019-05-05 15:14:57,601 INFO check master db.

2019-05-05 15:14:57,659 INFO check db health.

2019-05-05 15:15:07,604 INFO check master db.

2019-05-05 15:15:07,662 INFO check db health.

2019-05-05 15:15:17,605 INFO check master db.

2019-05-05 15:15:17,663 INFO check db health.

2019-05-05 15:15:27,607 INFO check master db.

2019-05-05 15:15:27,664 INFO check db health.

2019-05-05 15:15:37,608 INFO check master db.

2019-05-05 15:15:37,665 INFO check db health.

2019-05-05 15:15:47,610 INFO check master db.

2019-05-05 15:15:47,668 INFO check db health.

2019-05-05 15:15:57,612 INFO check master db.

2019-05-05 15:15:57,669 INFO check db health.

2019-05-05 15:16:07,614 INFO check master db.

2019-05-05 15:16:07,670 INFO check db health.

2019-05-05 15:16:17,616 INFO check master db.

2019-05-05 15:16:17,672 INFO check db health.

2019-05-05 15:16:27,619 INFO check master db.

2019-05-05 15:16:27,676 INFO check db health.

2019-05-05 15:16:37,620 INFO check master db.

2019-05-05 15:16:37,678 INFO check db health.

2019-05-05 15:16:47,621 INFO check master db.

2019-05-05 15:16:47,680 INFO check db health.

2019-05-05 15:16:57,625 INFO check master db.

2019-05-05 15:16:57,687 INFO check db health.

2019-05-05 15:17:07,627 INFO check master db.

2019-05-05 15:17:07,691 INFO check db health.

2019-05-05 15:17:17,630 INFO check master db.

2019-05-05 15:17:17,693 INFO check db health.

2019-05-05 15:17:27,634 INFO check master db.

2019-05-05 15:17:27,695 INFO check db health.

2019-05-05 15:17:37,636 INFO check master db.

2019-05-05 15:17:37,697 INFO check db health.

2019-05-05 15:17:47,640 INFO check master db.

2019-05-05 15:17:47,699 INFO check db health.

2019-05-05 15:17:57,642 INFO check master db.

2019-05-05 15:17:57,700 INFO check db health.

2019-05-05 15:18:07,643 INFO check master db.

2019-05-05 15:18:07,702 INFO check db health.

2019-05-05 15:18:17,644 INFO check master db.

2019-05-05 15:18:17,705 INFO check db health.

2019-05-05 15:18:27,647 INFO check master db.

2019-05-05 15:18:27,708 INFO check db health.

2019-05-05 15:18:37,649 INFO check master db.

2019-05-05 15:18:37,710 INFO check db health.

2019-05-05 15:18:47,650 INFO check master db.

2019-05-05 15:18:47,712 INFO check db health.

2019-05-05 15:18:57,653 INFO check master db.

2019-05-05 15:18:57,714 INFO check db health.

2019-05-05 15:19:07,656 INFO check master db.

2019-05-05 15:19:07,715 INFO check db health.

2019-05-05 15:19:17,658 INFO check master db.

2019-05-05 15:19:17,716 INFO check db health.

2019-05-05 15:19:27,660 INFO check master db.

2019-05-05 15:19:27,719 INFO check db health.

2019-05-05 15:19:37,661 INFO check master db.

2019-05-05 15:19:37,720 INFO check db health.

2019-05-05 15:19:47,663 INFO check master db.

2019-05-05 15:19:47,722 INFO check db health.

2019-05-05 15:19:57,666 INFO check master db.

2019-05-05 15:19:57,724 INFO check db health.

2019-05-05 15:20:07,667 INFO check master db.

2019-05-05 15:20:07,725 INFO check db health.

2019-05-05 15:20:17,670 INFO check master db.

2019-05-05 15:20:17,728 INFO check db health.

2019-05-05 15:20:27,671 INFO check master db.

2019-05-05 15:20:27,730 INFO check db health.

2019-05-05 15:20:37,674 INFO check master db.

2019-05-05 15:20:37,732 INFO check db health.

2019-05-05 15:20:47,675 INFO check master db.

2019-05-05 15:20:47,736 INFO check db health.

2019-05-05 15:20:57,678 INFO check master db.

2019-05-05 15:20:57,737 INFO check db health.

2019-05-05 15:21:07,679 INFO check master db.

2019-05-05 15:21:07,738 INFO check db health.

2019-05-05 15:21:17,681 INFO check master db.

2019-05-05 15:21:17,739 INFO check db health.

2019-05-05 15:21:27,683 INFO check master db.

2019-05-05 15:21:27,741 INFO check db health.

2019-05-05 15:21:37,687 INFO check master db.

2019-05-05 15:21:37,742 INFO check db health.

2019-05-05 15:21:47,688 INFO check master db.

2019-05-05 15:21:47,745 INFO check db health.

2019-05-05 15:21:57,690 INFO check master db.

2019-05-05 15:21:57,747 INFO check db health.

2019-05-05 15:22:07,691 INFO check master db.

2019-05-05 15:22:07,748 INFO check db health.

2019-05-05 15:22:17,692 INFO check master db.

2019-05-05 15:22:17,750 INFO check db health.

2019-05-05 15:22:27,694 INFO check master db.

2019-05-05 15:22:27,751 INFO check db health.

2019-05-05 15:22:37,695 INFO check master db.

2019-05-05 15:22:37,755 INFO check db health.

2019-05-05 15:22:47,698 INFO check master db.

2019-05-05 15:22:47,756 INFO check db health.

2019-05-05 15:22:57,700 INFO check master db.

2019-05-05 15:22:57,758 INFO check db health.

2019-05-05 15:23:07,701 INFO check master db.

2019-05-05 15:23:07,759 INFO check db health.

2019-05-05 15:23:17,702 INFO check master db.

2019-05-05 15:23:17,761 INFO check db health.

2019-05-05 15:23:27,704 INFO check master db.

2019-05-05 15:23:27,762 INFO check db health.

2019-05-05 15:23:37,705 INFO check master db.

2019-05-05 15:23:37,764 INFO check db health.

2019-05-05 15:23:47,706 INFO check master db.

2019-05-05 15:23:47,768 INFO check db health.

2019-05-05 15:23:57,708 INFO check master db.

2019-05-05 15:23:57,771 INFO check db health.

2019-05-05 15:24:07,713 INFO check master db.

2019-05-05 15:24:07,774 INFO check db health.

2019-05-05 15:24:17,717 INFO check master db.

2019-05-05 15:24:17,776 INFO check db health.

2019-05-05 15:24:27,719 INFO check master db.

2019-05-05 15:24:27,777 INFO check db health.

2019-05-05 15:24:37,721 INFO check master db.

2019-05-05 15:24:37,792 INFO check db health.

2019-05-05 15:24:47,723 INFO check master db.

2019-05-05 15:24:47,794 INFO check db health.

