2019-05-05 13:59:01,266 INFO Starting Nacos v1.0.0 on wushanyunyu with PID 13044 (F:\alibaba_git\spring-cloud\service-module\basics-module\nacos-server\target\nacos-server.jar started by songyu in F:\alibaba_git\spring-cloud\service-module\basics-module\nacos-server\bin)

2019-05-05 13:59:01,286 INFO The following profiles are active: standalone

2019-05-05 13:59:03,540 INFO Bean 'org.springframework.security.config.annotation.configuration.ObjectPostProcessorConfiguration' of type [org.springframework.security.config.annotation.configuration.ObjectPostProcessorConfiguration$$EnhancerBySpringCGLIB$$459003bf] is not eligible for getting processed by all BeanPostProcessors (for example: not eligible for auto-proxying)

2019-05-05 13:59:03,675 INFO Bean 'objectPostProcessor' of type [org.springframework.security.config.annotation.configuration.AutowireBeanFactoryObjectPostProcessor] is not eligible for getting processed by all BeanPostProcessors (for example: not eligible for auto-proxying)

2019-05-05 13:59:03,678 INFO Bean 'org.springframework.security.access.expression.method.DefaultMethodSecurityExpressionHandler@11392934' of type [org.springframework.security.access.expression.method.DefaultMethodSecurityExpressionHandler] is not eligible for getting processed by all BeanPostProcessors (for example: not eligible for auto-proxying)

2019-05-05 13:59:03,681 INFO Bean 'org.springframework.security.config.annotation.method.configuration.GlobalMethodSecurityConfiguration' of type [org.springframework.security.config.annotation.method.configuration.GlobalMethodSecurityConfiguration$$EnhancerBySpringCGLIB$$6a64a671] is not eligible for getting processed by all BeanPostProcessors (for example: not eligible for auto-proxying)

2019-05-05 13:59:03,686 INFO Bean 'methodSecurityMetadataSource' of type [org.springframework.security.access.method.DelegatingMethodSecurityMetadataSource] is not eligible for getting processed by all BeanPostProcessors (for example: not eligible for auto-proxying)

2019-05-05 13:59:04,544 INFO Tomcat initialized with port(s): 8000 (http)

2019-05-05 13:59:04,569 INFO Starting service [Tomcat]

2019-05-05 13:59:04,569 INFO Starting Servlet Engine: Apache Tomcat/9.0.13

2019-05-05 13:59:04,584 INFO The APR based Apache Tomcat Native library which allows optimal performance in production environments was not found on the java.library.path: [H:\jdk\jdk1.8.0_162\bin;C:\WINDOWS\Sun\Java\bin;C:\WINDOWS\system32;C:\WINDOWS;D:\NetSarang\Xshell 6\;C:\ProgramData\DockerDesktop\version-bin;C:\Program Files\Docker\Docker\Resources\bin;D:\NetSarang\Xftp 6\;C:\Program Files (x86)\Intel\iCLS Client\;C:\Program Files\Intel\iCLS Client\;C:\Windows\system32;C:\Windows;C:\Windows\System32\Wbem;C:\Windows\System32\WindowsPowerShell\v1.0\;C:\Program Files (x86)\NVIDIA Corporation\PhysX\Common;C:\Program Files (x86)\Intel\Intel(R) Management Engine Components\DAL;C:\Program Files\Intel\Intel(R) Management Engine Components\DAL;C:\Program Files (x86)\Intel\Intel(R) Management Engine Components\IPT;C:\Program Files\Intel\Intel(R) Management Engine Components\IPT;D:\Program Files\TortoiseSVN\bin;E:\mysql-5.7.24-winx64\bin;H:\jdk\jdk1.8.0_162\bin;H:\maven\apache-maven-3.6.0\bin;D:\Program Files\Pandoc\;C:\WINDOWS\system32;C:\WINDOWS;C:\WINDOWS\System32\Wbem;C:\WINDOWS\System32\WindowsPowerShell\v1.0\;C:\WINDOWS\System32\OpenSSH\;C:\Program Files\NVIDIA Corporation\NVIDIA NvDLISR;D:\Git\bin;H:\nodejs\;E:\RabbitMQ Server\rabbitmq_server-3.7.9\bin;D:\Git\cmd;C:\Users\ASUS\AppData\Local\Microsoft\WindowsApps;C:\Users\ASUS\AppData\Roaming\npm;.]

2019-05-05 13:59:04,671 INFO Initializing Spring embedded WebApplicationContext

2019-05-05 13:59:04,671 INFO Root WebApplicationContext: initialization completed in 3306 ms

2019-05-05 13:59:05,795 INFO Use Mysql as the driver

2019-05-05 13:59:07,590 INFO Initializing ExecutorService 'applicationTaskExecutor'

2019-05-05 13:59:07,767 INFO Adding welcome page: class path resource [static/index.html]

2019-05-05 13:59:08,108 INFO Creating filter chain: Ant [pattern='/'], []

2019-05-05 13:59:08,108 INFO Creating filter chain: Ant [pattern='/**/*.css'], []

2019-05-05 13:59:08,110 INFO Creating filter chain: Ant [pattern='/**/*.js'], []

2019-05-05 13:59:08,110 INFO Creating filter chain: Ant [pattern='/**/*.html'], []

2019-05-05 13:59:08,113 INFO Creating filter chain: Ant [pattern='/**/*.map'], []

2019-05-05 13:59:08,114 INFO Creating filter chain: Ant [pattern='/**/*.svg'], []

2019-05-05 13:59:08,114 INFO Creating filter chain: Ant [pattern='/**/*.png'], []

2019-05-05 13:59:08,115 INFO Creating filter chain: Ant [pattern='/**/*.ico'], []

2019-05-05 13:59:08,116 INFO Creating filter chain: Ant [pattern='/console-fe/public/**'], []

2019-05-05 13:59:08,116 INFO Creating filter chain: Ant [pattern='/v1/auth/login'], []

2019-05-05 13:59:08,117 INFO Creating filter chain: Ant [pattern='/v1/console/health/**'], []

2019-05-05 13:59:08,117 INFO Creating filter chain: Ant [pattern='/v1/cs/**'], []

2019-05-05 13:59:08,121 INFO Creating filter chain: Ant [pattern='/v1/ns/**'], []

2019-05-05 13:59:08,122 INFO Creating filter chain: Ant [pattern='/v1/cmdb/**'], []

2019-05-05 13:59:08,122 INFO Creating filter chain: Ant [pattern='/actuator/**'], []

2019-05-05 13:59:08,123 INFO Creating filter chain: Ant [pattern='/v1/console/server/**'], []

2019-05-05 13:59:08,155 INFO Creating filter chain: any request, [org.springframework.security.web.context.request.async.WebAsyncManagerIntegrationFilter@37efd131, org.springframework.security.web.context.SecurityContextPersistenceFilter@1d2bd371, org.springframework.security.web.header.HeaderWriterFilter@4983159f, org.springframework.security.web.authentication.logout.LogoutFilter@68ead359, com.alibaba.nacos.console.filter.JwtAuthenticationTokenFilter@7e7b159b, org.springframework.security.web.savedrequest.RequestCacheAwareFilter@65fe9e33, org.springframework.security.web.servletapi.SecurityContextHolderAwareRequestFilter@26bab2f1, org.springframework.security.web.authentication.AnonymousAuthenticationFilter@7e5d9a50, org.springframework.security.web.session.SessionManagementFilter@101639ae, org.springframework.security.web.access.ExceptionTranslationFilter@753432a2, org.springframework.security.web.access.intercept.FilterSecurityInterceptor@3d97a632]

2019-05-05 13:59:08,201 INFO Exposing 2 endpoint(s) beneath base path '/actuator'

2019-05-05 13:59:08,240 INFO Initializing ExecutorService 'taskScheduler'

2019-05-05 13:59:08,361 INFO Tomcat started on port(s): 8000 (http) with context path '/nacos'

2019-05-05 13:59:08,368 INFO Started Nacos in 8.858 seconds (JVM running for 10.322)

2019-05-05 13:59:08,368 INFO Nacos Log files: F:\alibaba_git\spring-cloud\service-module\basics-module\nacos-server/logs/

2019-05-05 13:59:08,369 INFO Nacos Conf files: F:\alibaba_git\spring-cloud\service-module\basics-module\nacos-server/conf/

2019-05-05 13:59:08,369 INFO Nacos Data files: F:\alibaba_git\spring-cloud\service-module\basics-module\nacos-server/data/

2019-05-05 13:59:08,370 INFO Nacos started successfully in stand alone mode.

2019-05-05 13:59:12,363 INFO Initializing Spring DispatcherServlet 'dispatcherServlet'

2019-05-05 13:59:12,363 INFO Initializing Servlet 'dispatcherServlet'

2019-05-05 13:59:12,459 INFO Completed initialization in 95 ms

2019-05-05 13:59:27,420 INFO Expired JWT token.

2019-05-05 13:59:27,443 ERROR Responding with unauthorized error. Message - Full authentication is required to access this resource

2019-05-05 14:09:06,469 INFO [capacityManagement] start correct usage

2019-05-05 14:09:06,575 INFO [capacityManagement] end correct usage, cost: 0s

2019-05-05 14:09:06,710 WARN clearConfigHistory start

2019-05-05 14:19:06,576 INFO [capacityManagement] start correct usage

2019-05-05 14:19:06,579 INFO [capacityManagement] end correct usage, cost: 0s

2019-05-05 14:19:06,717 WARN clearConfigHistory start

2019-05-05 14:29:06,580 INFO [capacityManagement] start correct usage

2019-05-05 14:29:06,584 INFO [capacityManagement] end correct usage, cost: 0s

2019-05-05 14:29:06,719 WARN clearConfigHistory start

2019-05-05 14:39:06,585 INFO [capacityManagement] start correct usage

2019-05-05 14:39:06,588 INFO [capacityManagement] end correct usage, cost: 0s

2019-05-05 14:39:06,729 WARN clearConfigHistory start

2019-05-05 14:49:06,590 INFO [capacityManagement] start correct usage

2019-05-05 14:49:06,594 INFO [capacityManagement] end correct usage, cost: 0s

2019-05-05 14:49:06,733 WARN clearConfigHistory start

2019-05-05 14:52:43,429 INFO Expired JWT token.

2019-05-05 14:52:43,430 ERROR Responding with unauthorized error. Message - Full authentication is required to access this resource

2019-05-05 14:59:06,595 INFO [capacityManagement] start correct usage

2019-05-05 14:59:06,597 INFO [capacityManagement] end correct usage, cost: 0s

2019-05-05 14:59:06,735 WARN clearConfigHistory start

2019-05-05 15:09:06,598 INFO [capacityManagement] start correct usage

2019-05-05 15:09:06,600 INFO [capacityManagement] end correct usage, cost: 0s

2019-05-05 15:09:06,737 WARN clearConfigHistory start

2019-05-05 15:19:06,602 INFO [capacityManagement] start correct usage

2019-05-05 15:19:06,604 INFO [capacityManagement] end correct usage, cost: 0s

2019-05-05 15:19:06,741 WARN clearConfigHistory start

